  AtsSimulation.cpp
C:\Users\User\source\repos\MiniProject\ATS\MsgDatas.h(4,23): error C2011: 'AtsScenarioMsg': 'struct' 형식 재정의
C:\Users\User\source\repos\MiniProject\GCS\MsgDatas.h(4): message : 'AtsScenarioMsg' 선언을 참조하십시오.
C:\Users\User\source\repos\MiniProject\ATS\MsgDatas.h(13,24): error C2011: 'AtsOpCommandMsg': 'struct' 형식 재정의
C:\Users\User\source\repos\MiniProject\GCS\MsgDatas.h(13): message : 'AtsOpCommandMsg' 선언을 참조하십시오.
C:\Users\User\source\repos\MiniProject\ATS\MsgDatas.h(19,21): error C2011: 'InterceptMsg': 'struct' 형식 재정의
C:\Users\User\source\repos\MiniProject\GCS\MsgDatas.h(19): message : 'InterceptMsg' 선언을 참조하십시오.
C:\Users\User\source\repos\MiniProject\ATS\MsgDatas.h(25,20): error C2011: 'AtsStateMsg': 'struct' 형식 재정의
C:\Users\User\source\repos\MiniProject\GCS\MsgDatas.h(25): message : 'AtsStateMsg' 선언을 참조하십시오.
C:\Users\User\source\repos\MiniProject\ATS\MsgDatas.h(31,23): error C2011: 'AtsPositionMsg': 'struct' 형식 재정의
C:\Users\User\source\repos\MiniProject\GCS\MsgDatas.h(31): message : 'AtsPositionMsg' 선언을 참조하십시오.
C:\Users\User\source\repos\MiniProject\ATS\MsgDatas.h(37,23): error C2011: 'MssScenarioMsg': 'struct' 형식 재정의
C:\Users\User\source\repos\MiniProject\GCS\MsgDatas.h(37): message : 'MssScenarioMsg' 선언을 참조하십시오.
C:\Users\User\source\repos\MiniProject\ATS\MsgDatas.h(44,24): error C2011: 'MssOpCommandMsg': 'struct' 형식 재정의
C:\Users\User\source\repos\MiniProject\GCS\MsgDatas.h(44): message : 'MssOpCommandMsg' 선언을 참조하십시오.
C:\Users\User\source\repos\MiniProject\ATS\MsgDatas.h(50,24): error C2011: 'MssDirectionMsg': 'struct' 형식 재정의
C:\Users\User\source\repos\MiniProject\GCS\MsgDatas.h(50): message : 'MssDirectionMsg' 선언을 참조하십시오.
C:\Users\User\source\repos\MiniProject\ATS\MsgDatas.h(56,20): error C2011: 'MssStateMsg': 'struct' 형식 재정의
C:\Users\User\source\repos\MiniProject\GCS\MsgDatas.h(56): message : 'MssStateMsg' 선언을 참조하십시오.
C:\Users\User\source\repos\MiniProject\ATS\MsgDatas.h(62,23): error C2011: 'MssPositionMsg': 'struct' 형식 재정의
C:\Users\User\source\repos\MiniProject\GCS\MsgDatas.h(62): message : 'MssPositionMsg' 선언을 참조하십시오.
C:\Users\User\source\repos\MiniProject\ATS\AtsSimulation.cpp(9,25): error C2027: 정의되지 않은 형식 'AtsScenarioMsg'을(를) 사용했습니다.
C:\Users\User\source\repos\MiniProject\GCS\MsgDatas.h(4): message : 'AtsScenarioMsg' 선언을 참조하십시오.
C:\Users\User\source\repos\MiniProject\ATS\AtsSimulation.cpp(10,25): error C2027: 정의되지 않은 형식 'AtsScenarioMsg'을(를) 사용했습니다.
C:\Users\User\source\repos\MiniProject\GCS\MsgDatas.h(4): message : 'AtsScenarioMsg' 선언을 참조하십시오.
C:\Users\User\source\repos\MiniProject\ATS\AtsSimulation.cpp(12,39): error C2027: 정의되지 않은 형식 'AtsScenarioMsg'을(를) 사용했습니다.
C:\Users\User\source\repos\MiniProject\GCS\MsgDatas.h(4): message : 'AtsScenarioMsg' 선언을 참조하십시오.
C:\Users\User\source\repos\MiniProject\ATS\AtsSimulation.cpp(12,72): error C2027: 정의되지 않은 형식 'AtsScenarioMsg'을(를) 사용했습니다.
C:\Users\User\source\repos\MiniProject\GCS\MsgDatas.h(4): message : 'AtsScenarioMsg' 선언을 참조하십시오.
C:\Users\User\source\repos\MiniProject\ATS\AtsSimulation.cpp(13,39): error C2027: 정의되지 않은 형식 'AtsScenarioMsg'을(를) 사용했습니다.
C:\Users\User\source\repos\MiniProject\GCS\MsgDatas.h(4): message : 'AtsScenarioMsg' 선언을 참조하십시오.
C:\Users\User\source\repos\MiniProject\ATS\AtsSimulation.cpp(13,72): error C2027: 정의되지 않은 형식 'AtsScenarioMsg'을(를) 사용했습니다.
C:\Users\User\source\repos\MiniProject\GCS\MsgDatas.h(4): message : 'AtsScenarioMsg' 선언을 참조하십시오.
C:\Users\User\source\repos\MiniProject\ATS\AtsSimulation.cpp(17,27): error C2027: 정의되지 않은 형식 'AtsScenarioMsg'을(를) 사용했습니다.
C:\Users\User\source\repos\MiniProject\GCS\MsgDatas.h(4): message : 'AtsScenarioMsg' 선언을 참조하십시오.
C:\Users\User\source\repos\MiniProject\ATS\AtsSimulation.cpp(35,16): error C2027: 정의되지 않은 형식 'AtsPositionMsg'을(를) 사용했습니다.
C:\Users\User\source\repos\MiniProject\GCS\MsgDatas.h(31): message : 'AtsPositionMsg' 선언을 참조하십시오.
C:\Users\User\source\repos\MiniProject\ATS\AtsSimulation.cpp(36,16): error C2027: 정의되지 않은 형식 'AtsPositionMsg'을(를) 사용했습니다.
C:\Users\User\source\repos\MiniProject\GCS\MsgDatas.h(31): message : 'AtsPositionMsg' 선언을 참조하십시오.
  MessageHandler.cpp
C:\Users\User\source\repos\MiniProject\ATS\MsgDatas.h(4,23): error C2011: 'AtsScenarioMsg': 'struct' 형식 재정의
C:\Users\User\source\repos\MiniProject\GCS\MsgDatas.h(4): message : 'AtsScenarioMsg' 선언을 참조하십시오.
C:\Users\User\source\repos\MiniProject\ATS\MsgDatas.h(13,24): error C2011: 'AtsOpCommandMsg': 'struct' 형식 재정의
C:\Users\User\source\repos\MiniProject\GCS\MsgDatas.h(13): message : 'AtsOpCommandMsg' 선언을 참조하십시오.
C:\Users\User\source\repos\MiniProject\ATS\MsgDatas.h(19,21): error C2011: 'InterceptMsg': 'struct' 형식 재정의
C:\Users\User\source\repos\MiniProject\GCS\MsgDatas.h(19): message : 'InterceptMsg' 선언을 참조하십시오.
C:\Users\User\source\repos\MiniProject\ATS\MsgDatas.h(25,20): error C2011: 'AtsStateMsg': 'struct' 형식 재정의
C:\Users\User\source\repos\MiniProject\GCS\MsgDatas.h(25): message : 'AtsStateMsg' 선언을 참조하십시오.
C:\Users\User\source\repos\MiniProject\ATS\MsgDatas.h(31,23): error C2011: 'AtsPositionMsg': 'struct' 형식 재정의
C:\Users\User\source\repos\MiniProject\GCS\MsgDatas.h(31): message : 'AtsPositionMsg' 선언을 참조하십시오.
C:\Users\User\source\repos\MiniProject\ATS\MsgDatas.h(37,23): error C2011: 'MssScenarioMsg': 'struct' 형식 재정의
C:\Users\User\source\repos\MiniProject\GCS\MsgDatas.h(37): message : 'MssScenarioMsg' 선언을 참조하십시오.
C:\Users\User\source\repos\MiniProject\ATS\MsgDatas.h(44,24): error C2011: 'MssOpCommandMsg': 'struct' 형식 재정의
C:\Users\User\source\repos\MiniProject\GCS\MsgDatas.h(44): message : 'MssOpCommandMsg' 선언을 참조하십시오.
C:\Users\User\source\repos\MiniProject\ATS\MsgDatas.h(50,24): error C2011: 'MssDirectionMsg': 'struct' 형식 재정의
C:\Users\User\source\repos\MiniProject\GCS\MsgDatas.h(50): message : 'MssDirectionMsg' 선언을 참조하십시오.
C:\Users\User\source\repos\MiniProject\ATS\MsgDatas.h(56,20): error C2011: 'MssStateMsg': 'struct' 형식 재정의
C:\Users\User\source\repos\MiniProject\GCS\MsgDatas.h(56): message : 'MssStateMsg' 선언을 참조하십시오.
C:\Users\User\source\repos\MiniProject\ATS\MsgDatas.h(62,23): error C2011: 'MssPositionMsg': 'struct' 형식 재정의
C:\Users\User\source\repos\MiniProject\GCS\MsgDatas.h(62): message : 'MssPositionMsg' 선언을 참조하십시오.
C:\Users\User\source\repos\MiniProject\ATS\MessageHandler.h(9,1): error C2011: 'MessageHandler': 'class' 형식 재정의
C:\Users\User\source\repos\MiniProject\GCS\MessageHandler.h(5): message : 'MessageHandler' 선언을 참조하십시오.
C:\Users\User\source\repos\MiniProject\ATS\MessageHandler.cpp(8,22): error C2027: 정의되지 않은 형식 'MessageHandler'을(를) 사용했습니다.
C:\Users\User\source\repos\MiniProject\GCS\MessageHandler.h(5): message : 'MessageHandler' 선언을 참조하십시오.
C:\Users\User\source\repos\MiniProject\ATS\MessageHandler.cpp(13,22): error C2065: 'udpClient': 선언되지 않은 식별자입니다.
C:\Users\User\source\repos\MiniProject\ATS\MessageHandler.cpp(19,12): error C2065: 'atsScenarioMsg': 선언되지 않은 식별자입니다.
C:\Users\User\source\repos\MiniProject\ATS\MessageHandler.cpp(23,12): error C2065: 'atsOpCommandMsg': 선언되지 않은 식별자입니다.
C:\Users\User\source\repos\MiniProject\ATS\MessageHandler.cpp(27,12): error C2065: 'interceptMsg': 선언되지 않은 식별자입니다.
C:\Users\User\source\repos\MiniProject\ATS\MessageHandler.cpp(30,7): error C2065: 'atsStateMsg': 선언되지 않은 식별자입니다.
C:\Users\User\source\repos\MiniProject\ATS\MessageHandler.cpp(30,31): error C2065: 'atsOpCommandMsg': 선언되지 않은 식별자입니다.
C:\Users\User\source\repos\MiniProject\ATS\MessageHandler.cpp(31,8): error C2065: 'atsOpCommandMsg': 선언되지 않은 식별자입니다.
C:\Users\User\source\repos\MiniProject\ATS\MessageHandler.cpp(32,5): error C2065: 'atsSimulation': 선언되지 않은 식별자입니다.
C:\Users\User\source\repos\MiniProject\ATS\MessageHandler.cpp(32,26): error C2065: 'atsScenarioMsg': 선언되지 않은 식별자입니다.
C:\Users\User\source\repos\MiniProject\ATS\MessageHandler.cpp(37,4): error C2065: 'atsStateMsg': 선언되지 않은 식별자입니다.
C:\Users\User\source\repos\MiniProject\ATS\MessageHandler.cpp(37,27): error C2065: 'atsOpCommandMsg': 선언되지 않은 식별자입니다.
C:\Users\User\source\repos\MiniProject\ATS\MessageHandler.cpp(38,4): error C3861: 'SendAtsState': 식별자를 찾을 수 없습니다.
C:\Users\User\source\repos\MiniProject\ATS\MessageHandler.cpp(41,9): error C2065: 'atsOpCommandMsg': 선언되지 않은 식별자입니다.
C:\Users\User\source\repos\MiniProject\ATS\MessageHandler.cpp(41,42): error C2065: 'interceptMsg': 선언되지 않은 식별자입니다.
C:\Users\User\source\repos\MiniProject\ATS\MessageHandler.cpp(42,5): error C2065: 'atsSimulation': 선언되지 않은 식별자입니다.
C:\Users\User\source\repos\MiniProject\ATS\MessageHandler.cpp(42,37): error C2065: 'atsPositionMsg': 선언되지 않은 식별자입니다.
C:\Users\User\source\repos\MiniProject\ATS\MessageHandler.cpp(43,5): error C3861: 'SendAtsPosition': 식별자를 찾을 수 없습니다.
C:\Users\User\source\repos\MiniProject\ATS\MessageHandler.cpp(54,17): error C2027: 정의되지 않은 형식 'MessageHandler'을(를) 사용했습니다.
C:\Users\User\source\repos\MiniProject\GCS\MessageHandler.h(5): message : 'MessageHandler' 선언을 참조하십시오.
C:\Users\User\source\repos\MiniProject\ATS\MessageHandler.cpp(54,33): error C4430: 형식 지정자가 없습니다. int로 가정합니다. 참고: C++에서는 기본 int를 지원하지 않습니다.
C:\Users\User\source\repos\MiniProject\ATS\MessageHandler.cpp(58,2): error C2065: 'udpClient': 선언되지 않은 식별자입니다.
C:\Users\User\source\repos\MiniProject\ATS\MessageHandler.cpp(59,1): warning C4508: '{ctor}': 함수는 값을 반환해야 하므로 'void' 반환 형식으로 간주됩니다.
C:\Users\User\source\repos\MiniProject\ATS\MessageHandler.cpp(61,22): error C2027: 정의되지 않은 형식 'MessageHandler'을(를) 사용했습니다.
C:\Users\User\source\repos\MiniProject\GCS\MessageHandler.h(5): message : 'MessageHandler' 선언을 참조하십시오.
C:\Users\User\source\repos\MiniProject\ATS\MessageHandler.cpp(62,2): error C2065: 'thread': 선언되지 않은 식별자입니다.
C:\Users\User\source\repos\MiniProject\ATS\MessageHandler.cpp(62,9): error C2146: 구문 오류: ';'이(가) 't' 식별자 앞에 없습니다.
C:\Users\User\source\repos\MiniProject\ATS\MessageHandler.cpp(62,28): error C2027: 정의되지 않은 형식 'MessageHandler'을(를) 사용했습니다.
C:\Users\User\source\repos\MiniProject\GCS\MessageHandler.h(5): message : 'MessageHandler' 선언을 참조하십시오.
C:\Users\User\source\repos\MiniProject\ATS\MessageHandler.cpp(62,36): error C2355: 'this': 비정적 멤버 함수 또는 비정적 데이터 멤버 이니셜라이저 안에서만 참조할 수 있습니다.
C:\Users\User\source\repos\MiniProject\ATS\MessageHandler.cpp(62,9): error C3861: 't': 식별자를 찾을 수 없습니다.
C:\Users\User\source\repos\MiniProject\ATS\MessageHandler.cpp(63,2): error C2065: 't': 선언되지 않은 식별자입니다.
C:\Users\User\source\repos\MiniProject\ATS\MessageHandler.cpp(66,22): error C2027: 정의되지 않은 형식 'MessageHandler'을(를) 사용했습니다.
C:\Users\User\source\repos\MiniProject\GCS\MessageHandler.h(5): message : 'MessageHandler' 선언을 참조하십시오.
C:\Users\User\source\repos\MiniProject\ATS\MessageHandler.cpp(68,15): error C2065: 'atsPositionMsg': 선언되지 않은 식별자입니다.
C:\Users\User\source\repos\MiniProject\ATS\MessageHandler.cpp(68,38): error C2065: 'atsPositionMsg': 선언되지 않은 식별자입니다.
C:\Users\User\source\repos\MiniProject\ATS\MessageHandler.cpp(69,2): error C2065: 'udpClient': 선언되지 않은 식별자입니다.
C:\Users\User\source\repos\MiniProject\ATS\MessageHandler.cpp(71,22): error C2027: 정의되지 않은 형식 'MessageHandler'을(를) 사용했습니다.
C:\Users\User\source\repos\MiniProject\GCS\MessageHandler.h(5): message : 'MessageHandler' 선언을 참조하십시오.
C:\Users\User\source\repos\MiniProject\ATS\MessageHandler.cpp(73,15): error C2065: 'atsStateMsg': 선언되지 않은 식별자입니다.
C:\Users\User\source\repos\MiniProject\ATS\MessageHandler.cpp(73,35): error C2065: 'atsStateMsg': 선언되지 않은 식별자입니다.
C:\Users\User\source\repos\MiniProject\ATS\MessageHandler.cpp(74,2): error C2065: 'udpClient': 선언되지 않은 식별자입니다.
  UdpClient.cpp
C:\Users\User\source\repos\MiniProject\ATS\MsgDatas.h(4,23): error C2011: 'AtsScenarioMsg': 'struct' 형식 재정의
C:\Users\User\source\repos\MiniProject\GCS\MsgDatas.h(4): message : 'AtsScenarioMsg' 선언을 참조하십시오.
C:\Users\User\source\repos\MiniProject\ATS\MsgDatas.h(13,24): error C2011: 'AtsOpCommandMsg': 'struct' 형식 재정의
C:\Users\User\source\repos\MiniProject\GCS\MsgDatas.h(13): message : 'AtsOpCommandMsg' 선언을 참조하십시오.
C:\Users\User\source\repos\MiniProject\ATS\MsgDatas.h(19,21): error C2011: 'InterceptMsg': 'struct' 형식 재정의
C:\Users\User\source\repos\MiniProject\GCS\MsgDatas.h(19): message : 'InterceptMsg' 선언을 참조하십시오.
C:\Users\User\source\repos\MiniProject\ATS\MsgDatas.h(25,20): error C2011: 'AtsStateMsg': 'struct' 형식 재정의
C:\Users\User\source\repos\MiniProject\GCS\MsgDatas.h(25): message : 'AtsStateMsg' 선언을 참조하십시오.
C:\Users\User\source\repos\MiniProject\ATS\MsgDatas.h(31,23): error C2011: 'AtsPositionMsg': 'struct' 형식 재정의
C:\Users\User\source\repos\MiniProject\GCS\MsgDatas.h(31): message : 'AtsPositionMsg' 선언을 참조하십시오.
C:\Users\User\source\repos\MiniProject\ATS\MsgDatas.h(37,23): error C2011: 'MssScenarioMsg': 'struct' 형식 재정의
C:\Users\User\source\repos\MiniProject\GCS\MsgDatas.h(37): message : 'MssScenarioMsg' 선언을 참조하십시오.
C:\Users\User\source\repos\MiniProject\ATS\MsgDatas.h(44,24): error C2011: 'MssOpCommandMsg': 'struct' 형식 재정의
C:\Users\User\source\repos\MiniProject\GCS\MsgDatas.h(44): message : 'MssOpCommandMsg' 선언을 참조하십시오.
C:\Users\User\source\repos\MiniProject\ATS\MsgDatas.h(50,24): error C2011: 'MssDirectionMsg': 'struct' 형식 재정의
C:\Users\User\source\repos\MiniProject\GCS\MsgDatas.h(50): message : 'MssDirectionMsg' 선언을 참조하십시오.
C:\Users\User\source\repos\MiniProject\ATS\MsgDatas.h(56,20): error C2011: 'MssStateMsg': 'struct' 형식 재정의
C:\Users\User\source\repos\MiniProject\GCS\MsgDatas.h(56): message : 'MssStateMsg' 선언을 참조하십시오.
C:\Users\User\source\repos\MiniProject\ATS\MsgDatas.h(62,23): error C2011: 'MssPositionMsg': 'struct' 형식 재정의
C:\Users\User\source\repos\MiniProject\GCS\MsgDatas.h(62): message : 'MssPositionMsg' 선언을 참조하십시오.
C:\Users\User\source\repos\MiniProject\ATS\UdpClient.cpp(18,9): error C2065: 'cout': 선언되지 않은 식별자입니다.
C:\Users\User\source\repos\MiniProject\ATS\UdpClient.cpp(18,40): error C2065: 'endl': 선언되지 않은 식별자입니다.
C:\Users\User\source\repos\MiniProject\ATS\UdpClient.cpp(24,9): error C2065: 'cout': 선언되지 않은 식별자입니다.
C:\Users\User\source\repos\MiniProject\ATS\UdpClient.cpp(24,68): error C2065: 'endl': 선언되지 않은 식별자입니다.
C:\Users\User\source\repos\MiniProject\ATS\UdpClient.cpp(33,9): error C2065: 'cout': 선언되지 않은 식별자입니다.
C:\Users\User\source\repos\MiniProject\ATS\UdpClient.cpp(43,9): error C3861: 'inet_pton': 식별자를 찾을 수 없습니다.
C:\Users\User\source\repos\MiniProject\ATS\UdpClient.cpp(44,9): error C2065: 'cout': 선언되지 않은 식별자입니다.
C:\Users\User\source\repos\MiniProject\ATS\UdpClient.cpp(44,38): error C2065: 'endl': 선언되지 않은 식별자입니다.
C:\Users\User\source\repos\MiniProject\ATS\UdpClient.cpp(64,9): error C2065: 'cout': 선언되지 않은 식별자입니다.
C:\Users\User\source\repos\MiniProject\ATS\UdpClient.cpp(64,60): error C2065: 'endl': 선언되지 않은 식별자입니다.
  코드를 생성하고 있습니다...
